2019-05-30 17:54:00.224 - [ INFO  ] [ o.s.b.t.context.SpringBootTestContextBootstrapper : 308 ] - Neither @ContextConfiguration nor @ContextHierarchy found for test class [com.yangzhongli.sp.service.AppTests], using SpringBootContextLoader
2019-05-30 17:54:00.239 - [ INFO  ] [ o.s.test.context.support.AbstractContextLoader : 264 ] - Could not detect default resource locations for test class [com.yangzhongli.sp.service.AppTests]: no resource found for suffixes {-context.xml, Context.groovy}.
2019-05-30 17:54:00.240 - [ INFO  ] [ o.s.t.c.support.AnnotationConfigContextLoaderUtils : 83 ] - Could not detect default configuration classes for test class [com.yangzhongli.sp.service.AppTests]: AppTests does not declare any static, non-private, non-final, nested classes annotated with @Configuration.
2019-05-30 17:54:00.416 - [ INFO  ] [ o.s.b.t.context.SpringBootTestContextBootstrapper : 247 ] - Found @SpringBootConfiguration com.yangzhongli.sp.WebApplication for test class com.yangzhongli.sp.service.AppTests
2019-05-30 17:54:00.533 - [ INFO  ] [ o.s.b.t.context.SpringBootTestContextBootstrapper : 248 ] - Loaded default TestExecutionListener class names from location [META-INF/spring.factories]: [org.springframework.boot.test.mock.mockito.MockitoTestExecutionListener, org.springframework.boot.test.mock.mockito.ResetMocksTestExecutionListener, org.springframework.boot.test.autoconfigure.restdocs.RestDocsTestExecutionListener, org.springframework.boot.test.autoconfigure.web.client.MockRestServiceServerResetTestExecutionListener, org.springframework.boot.test.autoconfigure.web.servlet.MockMvcPrintOnlyOnFailureTestExecutionListener, org.springframework.boot.test.autoconfigure.web.servlet.WebDriverTestExecutionListener, org.springframework.test.context.web.ServletTestExecutionListener, org.springframework.test.context.support.DirtiesContextBeforeModesTestExecutionListener, org.springframework.test.context.support.DependencyInjectionTestExecutionListener, org.springframework.test.context.support.DirtiesContextTestExecutionListener, org.springframework.test.context.transaction.TransactionalTestExecutionListener, org.springframework.test.context.jdbc.SqlScriptsTestExecutionListener]
2019-05-30 17:54:00.587 - [ INFO  ] [ o.s.b.t.context.SpringBootTestContextBootstrapper : 177 ] - Using TestExecutionListeners: [org.springframework.test.context.web.ServletTestExecutionListener@71def8f8, org.springframework.test.context.support.DirtiesContextBeforeModesTestExecutionListener@383bfa16, org.springframework.boot.test.mock.mockito.MockitoTestExecutionListener@4d465b11, org.springframework.boot.test.autoconfigure.SpringBootDependencyInjectionTestExecutionListener@53fdffa1, org.springframework.test.context.support.DirtiesContextTestExecutionListener@5562c41e, org.springframework.test.context.transaction.TransactionalTestExecutionListener@32ee6fee, org.springframework.test.context.jdbc.SqlScriptsTestExecutionListener@4d0f2471, org.springframework.boot.test.mock.mockito.ResetMocksTestExecutionListener@7133da86, org.springframework.boot.test.autoconfigure.restdocs.RestDocsTestExecutionListener@3232a28a, org.springframework.boot.test.autoconfigure.web.client.MockRestServiceServerResetTestExecutionListener@73e22a3d, org.springframework.boot.test.autoconfigure.web.servlet.MockMvcPrintOnlyOnFailureTestExecutionListener@47faa49c, org.springframework.boot.test.autoconfigure.web.servlet.WebDriverTestExecutionListener@28f2a10f]
2019-05-30 17:54:00.888 - [ WARN  ] [ o.s.b.t.j.DuplicateJsonObjectContextCustomizerFactory$DuplicateJsonObjectContextCustomizer : 86 ] - 

Found multiple occurrences of org.json.JSONObject on the class path:

	jar:file:/Users/ydm12/.m2/repository/org/json/json/20170516/json-20170516.jar!/org/json/JSONObject.class
	jar:file:/Users/ydm12/.m2/repository/com/vaadin/external/google/android-json/0.0.20131108.vaadin1/android-json-0.0.20131108.vaadin1.jar!/org/json/JSONObject.class

You may wish to exclude one of them to ensure predictable runtime behavior

2019-05-30 17:54:00.923 - [ INFO  ] [ com.yangzhongli.sp.service.AppTests : 50 ] - Starting AppTests on YDM-9.local with PID 2616 (started by ydm12 in /Users/ydm12/ideaProjects/big-data/sp-web)
2019-05-30 17:54:00.924 - [ INFO  ] [ com.yangzhongli.sp.service.AppTests : 675 ] - No active profile set, falling back to default profiles: default
2019-05-30 17:54:02.926 - [ WARN  ] [ org.mybatis.spring.mapper.ClassPathMapperScanner : 239 ] - Skipping MapperFactoryBean with name 'appRoleMapper' and 'com.yangzhongli.sp.dao.instance.AppRoleMapper' mapperInterface. Bean already defined with the same name!
2019-05-30 17:54:02.927 - [ WARN  ] [ org.mybatis.spring.mapper.ClassPathMapperScanner : 239 ] - Skipping MapperFactoryBean with name 'customEventMapper' and 'com.yangzhongli.sp.dao.instance.CustomEventMapper' mapperInterface. Bean already defined with the same name!
2019-05-30 17:54:02.927 - [ WARN  ] [ org.mybatis.spring.mapper.ClassPathMapperScanner : 239 ] - Skipping MapperFactoryBean with name 'dayAnalysisMapper' and 'com.yangzhongli.sp.dao.instance.DayAnalysisMapper' mapperInterface. Bean already defined with the same name!
2019-05-30 17:54:02.927 - [ WARN  ] [ org.mybatis.spring.mapper.ClassPathMapperScanner : 239 ] - Skipping MapperFactoryBean with name 'deviceAnalysisMapper' and 'com.yangzhongli.sp.dao.instance.DeviceAnalysisMapper' mapperInterface. Bean already defined with the same name!
2019-05-30 17:54:02.927 - [ WARN  ] [ org.mybatis.spring.mapper.ClassPathMapperScanner : 239 ] - Skipping MapperFactoryBean with name 'duringAnalysisMapper' and 'com.yangzhongli.sp.dao.instance.DuringAnalysisMapper' mapperInterface. Bean already defined with the same name!
2019-05-30 17:54:02.928 - [ WARN  ] [ org.mybatis.spring.mapper.ClassPathMapperScanner : 239 ] - Skipping MapperFactoryBean with name 'eventAllMapper' and 'com.yangzhongli.sp.dao.instance.EventAllMapper' mapperInterface. Bean already defined with the same name!
2019-05-30 17:54:02.928 - [ WARN  ] [ org.mybatis.spring.mapper.ClassPathMapperScanner : 239 ] - Skipping MapperFactoryBean with name 'networkEnvironmentMapper' and 'com.yangzhongli.sp.dao.instance.NetworkEnvironmentMapper' mapperInterface. Bean already defined with the same name!
2019-05-30 17:54:02.928 - [ WARN  ] [ org.mybatis.spring.mapper.ClassPathMapperScanner : 239 ] - Skipping MapperFactoryBean with name 'regionalAnalysisMapper' and 'com.yangzhongli.sp.dao.instance.RegionalAnalysisMapper' mapperInterface. Bean already defined with the same name!
2019-05-30 17:54:02.928 - [ WARN  ] [ org.mybatis.spring.mapper.ClassPathMapperScanner : 239 ] - Skipping MapperFactoryBean with name 'sourceAnalysisMapper' and 'com.yangzhongli.sp.dao.instance.SourceAnalysisMapper' mapperInterface. Bean already defined with the same name!
2019-05-30 17:54:02.928 - [ WARN  ] [ org.mybatis.spring.mapper.ClassPathMapperScanner : 239 ] - Skipping MapperFactoryBean with name 'userAccessMapper' and 'com.yangzhongli.sp.dao.instance.UserAccessMapper' mapperInterface. Bean already defined with the same name!
2019-05-30 17:54:02.929 - [ WARN  ] [ org.mybatis.spring.mapper.ClassPathMapperScanner : 239 ] - Skipping MapperFactoryBean with name 'userAppRoleMapper' and 'com.yangzhongli.sp.dao.instance.UserAppRoleMapper' mapperInterface. Bean already defined with the same name!
2019-05-30 17:54:02.929 - [ WARN  ] [ org.mybatis.spring.mapper.ClassPathMapperScanner : 239 ] - Skipping MapperFactoryBean with name 'userMapper' and 'com.yangzhongli.sp.dao.instance.UserMapper' mapperInterface. Bean already defined with the same name!
2019-05-30 17:54:02.929 - [ WARN  ] [ org.mybatis.spring.mapper.ClassPathMapperScanner : 239 ] - Skipping MapperFactoryBean with name 'userSystemMapper' and 'com.yangzhongli.sp.dao.instance.UserSystemMapper' mapperInterface. Bean already defined with the same name!
2019-05-30 17:54:02.929 - [ WARN  ] [ org.mybatis.spring.mapper.ClassPathMapperScanner : 166 ] - No MyBatis mapper was found in '[com.yangzhongli.sp]' package. Please check your configuration.
2019-05-30 17:54:02.961 - [ INFO  ] [ o.s.d.r.config.RepositoryConfigurationDelegate : 244 ] - Multiple Spring Data modules found, entering strict repository configuration mode!
2019-05-30 17:54:02.964 - [ INFO  ] [ o.s.d.r.config.RepositoryConfigurationDelegate : 126 ] - Bootstrapping Spring Data repositories in DEFAULT mode.
2019-05-30 17:54:02.998 - [ INFO  ] [ o.s.d.r.config.RepositoryConfigurationDelegate : 182 ] - Finished Spring Data repository scanning in 21ms. Found 0 repository interfaces.
2019-05-30 17:54:03.496 - [ INFO  ] [ o.s.c.s.PostProcessorRegistrationDelegate$BeanPostProcessorChecker : 330 ] - Bean 'shiroConfiguration' of type [com.yangzhongli.sp.config.shiro.ShiroConfiguration$$EnhancerBySpringCGLIB$$11beb1d8] is not eligible for getting processed by all BeanPostProcessors (for example: not eligible for auto-proxying)
2019-05-30 17:54:03.509 - [ INFO  ] [ o.s.c.s.PostProcessorRegistrationDelegate$BeanPostProcessorChecker : 330 ] - Bean 'org.springframework.transaction.annotation.ProxyTransactionManagementConfiguration' of type [org.springframework.transaction.annotation.ProxyTransactionManagementConfiguration$$EnhancerBySpringCGLIB$$1bc60571] is not eligible for getting processed by all BeanPostProcessors (for example: not eligible for auto-proxying)
2019-05-30 17:54:03.620 - [ INFO  ] [ o.s.c.s.PostProcessorRegistrationDelegate$BeanPostProcessorChecker : 330 ] - Bean 'userRealm' of type [com.yangzhongli.sp.config.shiro.UserRealm] is not eligible for getting processed by all BeanPostProcessors (for example: not eligible for auto-proxying)
2019-05-30 17:54:03.841 - [ INFO  ] [ o.s.c.s.PostProcessorRegistrationDelegate$BeanPostProcessorChecker : 330 ] - Bean 'defaultWebSecurityManager' of type [org.apache.shiro.web.mgt.DefaultWebSecurityManager] is not eligible for getting processed by all BeanPostProcessors (for example: not eligible for auto-proxying)
2019-05-30 17:54:06.000 - [ INFO  ] [ s.d.s.w.PropertySourcedRequestMappingHandlerMapping : 69 ] - Mapped URL path [/v2/api-docs] onto method [public org.springframework.http.ResponseEntity<springfox.documentation.spring.web.json.Json> springfox.documentation.swagger2.web.Swagger2Controller.getDocumentation(java.lang.String,javax.servlet.http.HttpServletRequest)]
2019-05-30 17:54:06.628 - [ INFO  ] [ o.s.scheduling.concurrent.ThreadPoolTaskExecutor : 171 ] - Initializing ExecutorService 'applicationTaskExecutor'
2019-05-30 17:54:06.799 - [ INFO  ] [ t.mybatis.mapper.autoconfigure.MapperCacheDisabler : 60 ] - Clear tk.mybatis.mapper.util.MsUtil CLASS_CACHE cache.
2019-05-30 17:54:06.800 - [ INFO  ] [ t.mybatis.mapper.autoconfigure.MapperCacheDisabler : 60 ] - Clear tk.mybatis.mapper.genid.GenIdUtil CACHE cache.
2019-05-30 17:54:06.800 - [ INFO  ] [ t.mybatis.mapper.autoconfigure.MapperCacheDisabler : 60 ] - Clear tk.mybatis.mapper.version.VersionUtil CACHE cache.
2019-05-30 17:54:06.801 - [ INFO  ] [ t.mybatis.mapper.autoconfigure.MapperCacheDisabler : 83 ] - Clear EntityHelper entityTableMap cache.
2019-05-30 17:54:07.116 - [ INFO  ] [ o.s.scheduling.concurrent.ThreadPoolTaskScheduler : 171 ] - Initializing ExecutorService 'taskScheduler'
2019-05-30 17:54:07.198 - [ INFO  ] [ s.d.s.web.plugins.DocumentationPluginsBootstrapper : 160 ] - Context refreshed
2019-05-30 17:54:07.221 - [ INFO  ] [ s.d.s.web.plugins.DocumentationPluginsBootstrapper : 163 ] - Found 1 custom documentation plugin(s)
2019-05-30 17:54:07.258 - [ INFO  ] [ s.d.spring.web.scanners.ApiListingReferenceScanner : 41 ] - Scanning for api listing references
2019-05-30 17:54:07.444 - [ INFO  ] [ s.d.s.w.r.operation.CachingOperationNameGenerator : 40 ] - Generating unique operation named: selectEventAllListUsingGET_1
2019-05-30 17:54:07.499 - [ INFO  ] [ com.yangzhongli.sp.service.AppTests : 59 ] - Started AppTests in 6.862 seconds (JVM running for 8.509)
2019-05-30 17:54:09.383 - [ INFO  ] [ com.alibaba.druid.pool.DruidDataSource : 655 ] - {dataSource-1} inited
2019-05-30 17:54:09.429 - [ INFO  ] [ com.yangzhongli.sp.service.AppTests : 31 ] - userAccessVO========UserAccessVO(id=4, appId=500013092, visits=64, opens=21, accessPerson=10, userNum=6)
2019-05-30 17:54:09.471 - [ INFO  ] [ o.s.scheduling.concurrent.ThreadPoolTaskScheduler : 208 ] - Shutting down ExecutorService 'taskScheduler'
2019-05-30 17:54:09.473 - [ INFO  ] [ o.s.scheduling.concurrent.ThreadPoolTaskExecutor : 208 ] - Shutting down ExecutorService 'applicationTaskExecutor'
2019-05-30 17:54:09.482 - [ INFO  ] [ com.alibaba.druid.pool.DruidDataSource : 1370 ] - {dataSource-1} closed
