2019-05-09 11:28:38.119 - [ INFO  ] [ o.s.b.t.context.SpringBootTestContextBootstrapper : 308 ] - Neither @ContextConfiguration nor @ContextHierarchy found for test class [com.yangzhongli.sp.service.AddressServiceTests], using SpringBootContextLoader
2019-05-09 11:28:38.135 - [ INFO  ] [ o.s.test.context.support.AbstractContextLoader : 264 ] - Could not detect default resource locations for test class [com.yangzhongli.sp.service.AddressServiceTests]: no resource found for suffixes {-context.xml, Context.groovy}.
2019-05-09 11:28:38.137 - [ INFO  ] [ o.s.t.c.support.AnnotationConfigContextLoaderUtils : 83 ] - Could not detect default configuration classes for test class [com.yangzhongli.sp.service.AddressServiceTests]: AddressServiceTests does not declare any static, non-private, non-final, nested classes annotated with @Configuration.
2019-05-09 11:28:38.310 - [ INFO  ] [ o.s.b.t.context.SpringBootTestContextBootstrapper : 247 ] - Found @SpringBootConfiguration com.yangzhongli.sp.WebApplication for test class com.yangzhongli.sp.service.AddressServiceTests
2019-05-09 11:28:38.411 - [ INFO  ] [ o.s.b.t.context.SpringBootTestContextBootstrapper : 248 ] - Loaded default TestExecutionListener class names from location [META-INF/spring.factories]: [org.springframework.boot.test.mock.mockito.MockitoTestExecutionListener, org.springframework.boot.test.mock.mockito.ResetMocksTestExecutionListener, org.springframework.boot.test.autoconfigure.restdocs.RestDocsTestExecutionListener, org.springframework.boot.test.autoconfigure.web.client.MockRestServiceServerResetTestExecutionListener, org.springframework.boot.test.autoconfigure.web.servlet.MockMvcPrintOnlyOnFailureTestExecutionListener, org.springframework.boot.test.autoconfigure.web.servlet.WebDriverTestExecutionListener, org.springframework.test.context.web.ServletTestExecutionListener, org.springframework.test.context.support.DirtiesContextBeforeModesTestExecutionListener, org.springframework.test.context.support.DependencyInjectionTestExecutionListener, org.springframework.test.context.support.DirtiesContextTestExecutionListener, org.springframework.test.context.transaction.TransactionalTestExecutionListener, org.springframework.test.context.jdbc.SqlScriptsTestExecutionListener]
2019-05-09 11:28:38.425 - [ INFO  ] [ o.s.b.t.context.SpringBootTestContextBootstrapper : 177 ] - Using TestExecutionListeners: [org.springframework.test.context.web.ServletTestExecutionListener@25084a1e, org.springframework.test.context.support.DirtiesContextBeforeModesTestExecutionListener@156b88f5, org.springframework.boot.test.mock.mockito.MockitoTestExecutionListener@3bf9ce3e, org.springframework.boot.test.autoconfigure.SpringBootDependencyInjectionTestExecutionListener@16610890, org.springframework.test.context.support.DirtiesContextTestExecutionListener@71def8f8, org.springframework.test.context.transaction.TransactionalTestExecutionListener@383bfa16, org.springframework.test.context.jdbc.SqlScriptsTestExecutionListener@4d465b11, org.springframework.boot.test.mock.mockito.ResetMocksTestExecutionListener@53fdffa1, org.springframework.boot.test.autoconfigure.restdocs.RestDocsTestExecutionListener@5562c41e, org.springframework.boot.test.autoconfigure.web.client.MockRestServiceServerResetTestExecutionListener@32ee6fee, org.springframework.boot.test.autoconfigure.web.servlet.MockMvcPrintOnlyOnFailureTestExecutionListener@4d0f2471, org.springframework.boot.test.autoconfigure.web.servlet.WebDriverTestExecutionListener@7133da86]
2019-05-09 11:28:38.673 - [ ERROR ] [ o.s.b.context.logging.LoggingApplicationListener : 370 ] - Cannot set level 'infoMINIPROGRAM_APPID' for 'org.springframework.web'
2019-05-09 11:28:38.735 - [ WARN  ] [ o.s.b.t.j.DuplicateJsonObjectContextCustomizerFactory$DuplicateJsonObjectContextCustomizer : 86 ] - 

Found multiple occurrences of org.json.JSONObject on the class path:

	jar:file:/Users/ydm12/.m2/repository/org/json/json/20170516/json-20170516.jar!/org/json/JSONObject.class
	jar:file:/Users/ydm12/.m2/repository/com/vaadin/external/google/android-json/0.0.20131108.vaadin1/android-json-0.0.20131108.vaadin1.jar!/org/json/JSONObject.class

You may wish to exclude one of them to ensure predictable runtime behavior

2019-05-09 11:28:38.756 - [ INFO  ] [ com.yangzhongli.sp.service.AddressServiceTests : 50 ] - Starting AddressServiceTests on YDM-9.local with PID 1660 (started by ydm12 in /Users/ydm12/ideaProjects/newBeauty/sp-web)
2019-05-09 11:28:38.756 - [ DEBUG ] [ com.yangzhongli.sp.service.AddressServiceTests : 53 ] - Running with Spring Boot v2.1.1.RELEASE, Spring v5.1.3.RELEASE
2019-05-09 11:28:38.757 - [ INFO  ] [ com.yangzhongli.sp.service.AddressServiceTests : 675 ] - No active profile set, falling back to default profiles: default
2019-05-09 11:28:39.946 - [ WARN  ] [ org.mybatis.spring.mapper.ClassPathMapperScanner : 239 ] - Skipping MapperFactoryBean with name 'contestantMapper' and 'com.yangzhongli.sp.dao.instance.ContestantMapper' mapperInterface. Bean already defined with the same name!
2019-05-09 11:28:39.947 - [ WARN  ] [ org.mybatis.spring.mapper.ClassPathMapperScanner : 239 ] - Skipping MapperFactoryBean with name 'likesRecordMapper' and 'com.yangzhongli.sp.dao.instance.LikesRecordMapper' mapperInterface. Bean already defined with the same name!
2019-05-09 11:28:39.947 - [ WARN  ] [ org.mybatis.spring.mapper.ClassPathMapperScanner : 239 ] - Skipping MapperFactoryBean with name 'ruleMapper' and 'com.yangzhongli.sp.dao.instance.RuleMapper' mapperInterface. Bean already defined with the same name!
2019-05-09 11:28:39.947 - [ WARN  ] [ org.mybatis.spring.mapper.ClassPathMapperScanner : 239 ] - Skipping MapperFactoryBean with name 'wechatUserMapper' and 'com.yangzhongli.sp.dao.instance.WechatUserMapper' mapperInterface. Bean already defined with the same name!
2019-05-09 11:28:39.947 - [ WARN  ] [ org.mybatis.spring.mapper.ClassPathMapperScanner : 166 ] - No MyBatis mapper was found in '[com.yangzhongli.sp]' package. Please check your configuration.
2019-05-09 11:28:39.996 - [ INFO  ] [ o.s.d.r.config.RepositoryConfigurationDelegate : 244 ] - Multiple Spring Data modules found, entering strict repository configuration mode!
2019-05-09 11:28:40.000 - [ INFO  ] [ o.s.d.r.config.RepositoryConfigurationDelegate : 126 ] - Bootstrapping Spring Data repositories in DEFAULT mode.
2019-05-09 11:28:40.050 - [ INFO  ] [ o.s.d.r.config.RepositoryConfigurationDelegate : 182 ] - Finished Spring Data repository scanning in 22ms. Found 0 repository interfaces.
2019-05-09 11:28:40.477 - [ INFO  ] [ o.s.c.s.PostProcessorRegistrationDelegate$BeanPostProcessorChecker : 330 ] - Bean 'shiroConfiguration' of type [com.yangzhongli.sp.config.shiro.ShiroConfiguration$$EnhancerBySpringCGLIB$$9639078c] is not eligible for getting processed by all BeanPostProcessors (for example: not eligible for auto-proxying)
2019-05-09 11:28:40.488 - [ INFO  ] [ o.s.c.s.PostProcessorRegistrationDelegate$BeanPostProcessorChecker : 330 ] - Bean 'org.springframework.transaction.annotation.ProxyTransactionManagementConfiguration' of type [org.springframework.transaction.annotation.ProxyTransactionManagementConfiguration$$EnhancerBySpringCGLIB$$a0405b25] is not eligible for getting processed by all BeanPostProcessors (for example: not eligible for auto-proxying)
2019-05-09 11:28:40.578 - [ INFO  ] [ o.s.c.s.PostProcessorRegistrationDelegate$BeanPostProcessorChecker : 330 ] - Bean 'userRealm' of type [com.yangzhongli.sp.config.shiro.UserRealm] is not eligible for getting processed by all BeanPostProcessors (for example: not eligible for auto-proxying)
2019-05-09 11:28:40.825 - [ INFO  ] [ o.s.c.s.PostProcessorRegistrationDelegate$BeanPostProcessorChecker : 330 ] - Bean 'defaultWebSecurityManager' of type [org.apache.shiro.web.mgt.DefaultWebSecurityManager] is not eligible for getting processed by all BeanPostProcessors (for example: not eligible for auto-proxying)
2019-05-09 11:28:42.474 - [ INFO  ] [ s.d.s.w.PropertySourcedRequestMappingHandlerMapping : 69 ] - Mapped URL path [/v2/api-docs] onto method [public org.springframework.http.ResponseEntity<springfox.documentation.spring.web.json.Json> springfox.documentation.swagger2.web.Swagger2Controller.getDocumentation(java.lang.String,javax.servlet.http.HttpServletRequest)]
2019-05-09 11:28:43.056 - [ INFO  ] [ o.s.scheduling.concurrent.ThreadPoolTaskExecutor : 171 ] - Initializing ExecutorService 'applicationTaskExecutor'
2019-05-09 11:28:43.228 - [ INFO  ] [ t.mybatis.mapper.autoconfigure.MapperCacheDisabler : 60 ] - Clear tk.mybatis.mapper.util.MsUtil CLASS_CACHE cache.
2019-05-09 11:28:43.229 - [ INFO  ] [ t.mybatis.mapper.autoconfigure.MapperCacheDisabler : 60 ] - Clear tk.mybatis.mapper.genid.GenIdUtil CACHE cache.
2019-05-09 11:28:43.229 - [ INFO  ] [ t.mybatis.mapper.autoconfigure.MapperCacheDisabler : 60 ] - Clear tk.mybatis.mapper.version.VersionUtil CACHE cache.
2019-05-09 11:28:43.230 - [ INFO  ] [ t.mybatis.mapper.autoconfigure.MapperCacheDisabler : 83 ] - Clear EntityHelper entityTableMap cache.
2019-05-09 11:28:43.593 - [ INFO  ] [ o.s.scheduling.concurrent.ThreadPoolTaskScheduler : 171 ] - Initializing ExecutorService 'taskScheduler'
2019-05-09 11:28:43.712 - [ INFO  ] [ s.d.s.web.plugins.DocumentationPluginsBootstrapper : 160 ] - Context refreshed
2019-05-09 11:28:43.739 - [ INFO  ] [ s.d.s.web.plugins.DocumentationPluginsBootstrapper : 163 ] - Found 1 custom documentation plugin(s)
2019-05-09 11:28:43.775 - [ INFO  ] [ s.d.spring.web.scanners.ApiListingReferenceScanner : 41 ] - Scanning for api listing references
2019-05-09 11:28:43.949 - [ INFO  ] [ s.d.s.w.r.operation.CachingOperationNameGenerator : 40 ] - Generating unique operation named: microAppLoginUsingPOST_1
2019-05-09 11:28:43.986 - [ INFO  ] [ com.yangzhongli.sp.service.AddressServiceTests : 59 ] - Started AddressServiceTests in 5.495 seconds (JVM running for 6.789)
2019-05-09 11:28:44.563 - [ INFO  ] [ o.s.scheduling.concurrent.ThreadPoolTaskScheduler : 208 ] - Shutting down ExecutorService 'taskScheduler'
2019-05-09 11:28:44.565 - [ INFO  ] [ o.s.scheduling.concurrent.ThreadPoolTaskExecutor : 208 ] - Shutting down ExecutorService 'applicationTaskExecutor'
2019-05-09 11:31:51.984 - [ INFO  ] [ o.s.b.t.context.SpringBootTestContextBootstrapper : 308 ] - Neither @ContextConfiguration nor @ContextHierarchy found for test class [com.yangzhongli.sp.service.AddressServiceTests], using SpringBootContextLoader
2019-05-09 11:31:51.992 - [ INFO  ] [ o.s.test.context.support.AbstractContextLoader : 264 ] - Could not detect default resource locations for test class [com.yangzhongli.sp.service.AddressServiceTests]: no resource found for suffixes {-context.xml, Context.groovy}.
2019-05-09 11:31:51.993 - [ INFO  ] [ o.s.t.c.support.AnnotationConfigContextLoaderUtils : 83 ] - Could not detect default configuration classes for test class [com.yangzhongli.sp.service.AddressServiceTests]: AddressServiceTests does not declare any static, non-private, non-final, nested classes annotated with @Configuration.
2019-05-09 11:31:52.317 - [ INFO  ] [ o.s.b.t.context.SpringBootTestContextBootstrapper : 247 ] - Found @SpringBootConfiguration com.yangzhongli.sp.WebApplication for test class com.yangzhongli.sp.service.AddressServiceTests
2019-05-09 11:31:52.526 - [ INFO  ] [ o.s.b.t.context.SpringBootTestContextBootstrapper : 248 ] - Loaded default TestExecutionListener class names from location [META-INF/spring.factories]: [org.springframework.boot.test.mock.mockito.MockitoTestExecutionListener, org.springframework.boot.test.mock.mockito.ResetMocksTestExecutionListener, org.springframework.boot.test.autoconfigure.restdocs.RestDocsTestExecutionListener, org.springframework.boot.test.autoconfigure.web.client.MockRestServiceServerResetTestExecutionListener, org.springframework.boot.test.autoconfigure.web.servlet.MockMvcPrintOnlyOnFailureTestExecutionListener, org.springframework.boot.test.autoconfigure.web.servlet.WebDriverTestExecutionListener, org.springframework.test.context.web.ServletTestExecutionListener, org.springframework.test.context.support.DirtiesContextBeforeModesTestExecutionListener, org.springframework.test.context.support.DependencyInjectionTestExecutionListener, org.springframework.test.context.support.DirtiesContextTestExecutionListener, org.springframework.test.context.transaction.TransactionalTestExecutionListener, org.springframework.test.context.jdbc.SqlScriptsTestExecutionListener]
2019-05-09 11:31:52.561 - [ INFO  ] [ o.s.b.t.context.SpringBootTestContextBootstrapper : 177 ] - Using TestExecutionListeners: [org.springframework.test.context.web.ServletTestExecutionListener@71238fc2, org.springframework.test.context.support.DirtiesContextBeforeModesTestExecutionListener@2a54a73f, org.springframework.boot.test.mock.mockito.MockitoTestExecutionListener@16a0ee18, org.springframework.boot.test.autoconfigure.SpringBootDependencyInjectionTestExecutionListener@3d6f0054, org.springframework.test.context.support.DirtiesContextTestExecutionListener@505fc5a4, org.springframework.test.context.transaction.TransactionalTestExecutionListener@5fbdfdcf, org.springframework.test.context.jdbc.SqlScriptsTestExecutionListener@4efc180e, org.springframework.boot.test.mock.mockito.ResetMocksTestExecutionListener@bd4dc25, org.springframework.boot.test.autoconfigure.restdocs.RestDocsTestExecutionListener@25084a1e, org.springframework.boot.test.autoconfigure.web.client.MockRestServiceServerResetTestExecutionListener@156b88f5, org.springframework.boot.test.autoconfigure.web.servlet.MockMvcPrintOnlyOnFailureTestExecutionListener@3bf9ce3e, org.springframework.boot.test.autoconfigure.web.servlet.WebDriverTestExecutionListener@16610890]
2019-05-09 11:31:52.924 - [ ERROR ] [ o.s.b.context.logging.LoggingApplicationListener : 370 ] - Cannot set level 'infoMINIPROGRAM_APPID' for 'org.springframework.web'
2019-05-09 11:31:52.985 - [ WARN  ] [ o.s.b.t.j.DuplicateJsonObjectContextCustomizerFactory$DuplicateJsonObjectContextCustomizer : 86 ] - 

Found multiple occurrences of org.json.JSONObject on the class path:

	jar:file:/Users/ydm12/.m2/repository/org/json/json/20170516/json-20170516.jar!/org/json/JSONObject.class
	jar:file:/Users/ydm12/.m2/repository/com/vaadin/external/google/android-json/0.0.20131108.vaadin1/android-json-0.0.20131108.vaadin1.jar!/org/json/JSONObject.class

You may wish to exclude one of them to ensure predictable runtime behavior

2019-05-09 11:31:53.072 - [ INFO  ] [ com.yangzhongli.sp.service.AddressServiceTests : 50 ] - Starting AddressServiceTests on YDM-9.local with PID 1742 (started by ydm12 in /Users/ydm12/ideaProjects/newBeauty/sp-web)
2019-05-09 11:31:53.073 - [ DEBUG ] [ com.yangzhongli.sp.service.AddressServiceTests : 53 ] - Running with Spring Boot v2.1.1.RELEASE, Spring v5.1.3.RELEASE
2019-05-09 11:31:53.073 - [ INFO  ] [ com.yangzhongli.sp.service.AddressServiceTests : 675 ] - No active profile set, falling back to default profiles: default
2019-05-09 11:31:55.091 - [ WARN  ] [ org.mybatis.spring.mapper.ClassPathMapperScanner : 239 ] - Skipping MapperFactoryBean with name 'contestantMapper' and 'com.yangzhongli.sp.dao.instance.ContestantMapper' mapperInterface. Bean already defined with the same name!
2019-05-09 11:31:55.091 - [ WARN  ] [ org.mybatis.spring.mapper.ClassPathMapperScanner : 239 ] - Skipping MapperFactoryBean with name 'likesRecordMapper' and 'com.yangzhongli.sp.dao.instance.LikesRecordMapper' mapperInterface. Bean already defined with the same name!
2019-05-09 11:31:55.092 - [ WARN  ] [ org.mybatis.spring.mapper.ClassPathMapperScanner : 239 ] - Skipping MapperFactoryBean with name 'ruleMapper' and 'com.yangzhongli.sp.dao.instance.RuleMapper' mapperInterface. Bean already defined with the same name!
2019-05-09 11:31:55.092 - [ WARN  ] [ org.mybatis.spring.mapper.ClassPathMapperScanner : 239 ] - Skipping MapperFactoryBean with name 'wechatUserMapper' and 'com.yangzhongli.sp.dao.instance.WechatUserMapper' mapperInterface. Bean already defined with the same name!
2019-05-09 11:31:55.093 - [ WARN  ] [ org.mybatis.spring.mapper.ClassPathMapperScanner : 166 ] - No MyBatis mapper was found in '[com.yangzhongli.sp]' package. Please check your configuration.
2019-05-09 11:31:55.131 - [ INFO  ] [ o.s.d.r.config.RepositoryConfigurationDelegate : 244 ] - Multiple Spring Data modules found, entering strict repository configuration mode!
2019-05-09 11:31:55.134 - [ INFO  ] [ o.s.d.r.config.RepositoryConfigurationDelegate : 126 ] - Bootstrapping Spring Data repositories in DEFAULT mode.
2019-05-09 11:31:55.175 - [ INFO  ] [ o.s.d.r.config.RepositoryConfigurationDelegate : 182 ] - Finished Spring Data repository scanning in 24ms. Found 0 repository interfaces.
2019-05-09 11:31:55.655 - [ INFO  ] [ o.s.c.s.PostProcessorRegistrationDelegate$BeanPostProcessorChecker : 330 ] - Bean 'shiroConfiguration' of type [com.yangzhongli.sp.config.shiro.ShiroConfiguration$$EnhancerBySpringCGLIB$$6a3cb153] is not eligible for getting processed by all BeanPostProcessors (for example: not eligible for auto-proxying)
2019-05-09 11:31:55.664 - [ INFO  ] [ o.s.c.s.PostProcessorRegistrationDelegate$BeanPostProcessorChecker : 330 ] - Bean 'org.springframework.transaction.annotation.ProxyTransactionManagementConfiguration' of type [org.springframework.transaction.annotation.ProxyTransactionManagementConfiguration$$EnhancerBySpringCGLIB$$744404ec] is not eligible for getting processed by all BeanPostProcessors (for example: not eligible for auto-proxying)
2019-05-09 11:31:55.711 - [ INFO  ] [ o.s.c.s.PostProcessorRegistrationDelegate$BeanPostProcessorChecker : 330 ] - Bean 'userRealm' of type [com.yangzhongli.sp.config.shiro.UserRealm] is not eligible for getting processed by all BeanPostProcessors (for example: not eligible for auto-proxying)
2019-05-09 11:31:55.940 - [ INFO  ] [ o.s.c.s.PostProcessorRegistrationDelegate$BeanPostProcessorChecker : 330 ] - Bean 'defaultWebSecurityManager' of type [org.apache.shiro.web.mgt.DefaultWebSecurityManager] is not eligible for getting processed by all BeanPostProcessors (for example: not eligible for auto-proxying)
2019-05-09 11:31:57.580 - [ INFO  ] [ s.d.s.w.PropertySourcedRequestMappingHandlerMapping : 69 ] - Mapped URL path [/v2/api-docs] onto method [public org.springframework.http.ResponseEntity<springfox.documentation.spring.web.json.Json> springfox.documentation.swagger2.web.Swagger2Controller.getDocumentation(java.lang.String,javax.servlet.http.HttpServletRequest)]
2019-05-09 11:31:58.121 - [ INFO  ] [ o.s.scheduling.concurrent.ThreadPoolTaskExecutor : 171 ] - Initializing ExecutorService 'applicationTaskExecutor'
2019-05-09 11:31:58.289 - [ INFO  ] [ t.mybatis.mapper.autoconfigure.MapperCacheDisabler : 60 ] - Clear tk.mybatis.mapper.util.MsUtil CLASS_CACHE cache.
2019-05-09 11:31:58.289 - [ INFO  ] [ t.mybatis.mapper.autoconfigure.MapperCacheDisabler : 60 ] - Clear tk.mybatis.mapper.genid.GenIdUtil CACHE cache.
2019-05-09 11:31:58.290 - [ INFO  ] [ t.mybatis.mapper.autoconfigure.MapperCacheDisabler : 60 ] - Clear tk.mybatis.mapper.version.VersionUtil CACHE cache.
2019-05-09 11:31:58.291 - [ INFO  ] [ t.mybatis.mapper.autoconfigure.MapperCacheDisabler : 83 ] - Clear EntityHelper entityTableMap cache.
2019-05-09 11:31:58.590 - [ INFO  ] [ o.s.scheduling.concurrent.ThreadPoolTaskScheduler : 171 ] - Initializing ExecutorService 'taskScheduler'
2019-05-09 11:31:58.683 - [ INFO  ] [ s.d.s.web.plugins.DocumentationPluginsBootstrapper : 160 ] - Context refreshed
2019-05-09 11:31:58.721 - [ INFO  ] [ s.d.s.web.plugins.DocumentationPluginsBootstrapper : 163 ] - Found 1 custom documentation plugin(s)
2019-05-09 11:31:58.771 - [ INFO  ] [ s.d.spring.web.scanners.ApiListingReferenceScanner : 41 ] - Scanning for api listing references
2019-05-09 11:31:59.020 - [ INFO  ] [ s.d.s.w.r.operation.CachingOperationNameGenerator : 40 ] - Generating unique operation named: microAppLoginUsingPOST_1
2019-05-09 11:31:59.056 - [ INFO  ] [ com.yangzhongli.sp.service.AddressServiceTests : 59 ] - Started AddressServiceTests in 6.392 seconds (JVM running for 8.287)
2019-05-09 11:31:59.520 - [ INFO  ] [ o.s.scheduling.concurrent.ThreadPoolTaskScheduler : 208 ] - Shutting down ExecutorService 'taskScheduler'
2019-05-09 11:31:59.521 - [ INFO  ] [ o.s.scheduling.concurrent.ThreadPoolTaskExecutor : 208 ] - Shutting down ExecutorService 'applicationTaskExecutor'
2019-05-09 11:32:26.241 - [ INFO  ] [ o.s.b.t.context.SpringBootTestContextBootstrapper : 308 ] - Neither @ContextConfiguration nor @ContextHierarchy found for test class [com.yangzhongli.sp.service.AddressServiceTests], using SpringBootContextLoader
2019-05-09 11:32:26.247 - [ INFO  ] [ o.s.test.context.support.AbstractContextLoader : 264 ] - Could not detect default resource locations for test class [com.yangzhongli.sp.service.AddressServiceTests]: no resource found for suffixes {-context.xml, Context.groovy}.
2019-05-09 11:32:26.247 - [ INFO  ] [ o.s.t.c.support.AnnotationConfigContextLoaderUtils : 83 ] - Could not detect default configuration classes for test class [com.yangzhongli.sp.service.AddressServiceTests]: AddressServiceTests does not declare any static, non-private, non-final, nested classes annotated with @Configuration.
2019-05-09 11:32:26.401 - [ INFO  ] [ o.s.b.t.context.SpringBootTestContextBootstrapper : 247 ] - Found @SpringBootConfiguration com.yangzhongli.sp.WebApplication for test class com.yangzhongli.sp.service.AddressServiceTests
2019-05-09 11:32:26.517 - [ INFO  ] [ o.s.b.t.context.SpringBootTestContextBootstrapper : 248 ] - Loaded default TestExecutionListener class names from location [META-INF/spring.factories]: [org.springframework.boot.test.mock.mockito.MockitoTestExecutionListener, org.springframework.boot.test.mock.mockito.ResetMocksTestExecutionListener, org.springframework.boot.test.autoconfigure.restdocs.RestDocsTestExecutionListener, org.springframework.boot.test.autoconfigure.web.client.MockRestServiceServerResetTestExecutionListener, org.springframework.boot.test.autoconfigure.web.servlet.MockMvcPrintOnlyOnFailureTestExecutionListener, org.springframework.boot.test.autoconfigure.web.servlet.WebDriverTestExecutionListener, org.springframework.test.context.web.ServletTestExecutionListener, org.springframework.test.context.support.DirtiesContextBeforeModesTestExecutionListener, org.springframework.test.context.support.DependencyInjectionTestExecutionListener, org.springframework.test.context.support.DirtiesContextTestExecutionListener, org.springframework.test.context.transaction.TransactionalTestExecutionListener, org.springframework.test.context.jdbc.SqlScriptsTestExecutionListener]
2019-05-09 11:32:26.529 - [ INFO  ] [ o.s.b.t.context.SpringBootTestContextBootstrapper : 177 ] - Using TestExecutionListeners: [org.springframework.test.context.web.ServletTestExecutionListener@71238fc2, org.springframework.test.context.support.DirtiesContextBeforeModesTestExecutionListener@2a54a73f, org.springframework.boot.test.mock.mockito.MockitoTestExecutionListener@16a0ee18, org.springframework.boot.test.autoconfigure.SpringBootDependencyInjectionTestExecutionListener@3d6f0054, org.springframework.test.context.support.DirtiesContextTestExecutionListener@505fc5a4, org.springframework.test.context.transaction.TransactionalTestExecutionListener@5fbdfdcf, org.springframework.test.context.jdbc.SqlScriptsTestExecutionListener@4efc180e, org.springframework.boot.test.mock.mockito.ResetMocksTestExecutionListener@bd4dc25, org.springframework.boot.test.autoconfigure.restdocs.RestDocsTestExecutionListener@25084a1e, org.springframework.boot.test.autoconfigure.web.client.MockRestServiceServerResetTestExecutionListener@156b88f5, org.springframework.boot.test.autoconfigure.web.servlet.MockMvcPrintOnlyOnFailureTestExecutionListener@3bf9ce3e, org.springframework.boot.test.autoconfigure.web.servlet.WebDriverTestExecutionListener@16610890]
2019-05-09 11:32:26.881 - [ ERROR ] [ o.s.b.context.logging.LoggingApplicationListener : 370 ] - Cannot set level 'infoMINIPROGRAM_APPID' for 'org.springframework.web'
2019-05-09 11:32:27.021 - [ WARN  ] [ o.s.b.t.j.DuplicateJsonObjectContextCustomizerFactory$DuplicateJsonObjectContextCustomizer : 86 ] - 

Found multiple occurrences of org.json.JSONObject on the class path:

	jar:file:/Users/ydm12/.m2/repository/org/json/json/20170516/json-20170516.jar!/org/json/JSONObject.class
	jar:file:/Users/ydm12/.m2/repository/com/vaadin/external/google/android-json/0.0.20131108.vaadin1/android-json-0.0.20131108.vaadin1.jar!/org/json/JSONObject.class

You may wish to exclude one of them to ensure predictable runtime behavior

2019-05-09 11:32:27.038 - [ INFO  ] [ com.yangzhongli.sp.service.AddressServiceTests : 50 ] - Starting AddressServiceTests on YDM-9.local with PID 1752 (started by ydm12 in /Users/ydm12/ideaProjects/newBeauty/sp-web)
2019-05-09 11:32:27.039 - [ DEBUG ] [ com.yangzhongli.sp.service.AddressServiceTests : 53 ] - Running with Spring Boot v2.1.1.RELEASE, Spring v5.1.3.RELEASE
2019-05-09 11:32:27.039 - [ INFO  ] [ com.yangzhongli.sp.service.AddressServiceTests : 675 ] - No active profile set, falling back to default profiles: default
2019-05-09 11:32:28.364 - [ WARN  ] [ org.mybatis.spring.mapper.ClassPathMapperScanner : 239 ] - Skipping MapperFactoryBean with name 'contestantMapper' and 'com.yangzhongli.sp.dao.instance.ContestantMapper' mapperInterface. Bean already defined with the same name!
2019-05-09 11:32:28.365 - [ WARN  ] [ org.mybatis.spring.mapper.ClassPathMapperScanner : 239 ] - Skipping MapperFactoryBean with name 'likesRecordMapper' and 'com.yangzhongli.sp.dao.instance.LikesRecordMapper' mapperInterface. Bean already defined with the same name!
2019-05-09 11:32:28.366 - [ WARN  ] [ org.mybatis.spring.mapper.ClassPathMapperScanner : 239 ] - Skipping MapperFactoryBean with name 'ruleMapper' and 'com.yangzhongli.sp.dao.instance.RuleMapper' mapperInterface. Bean already defined with the same name!
2019-05-09 11:32:28.366 - [ WARN  ] [ org.mybatis.spring.mapper.ClassPathMapperScanner : 239 ] - Skipping MapperFactoryBean with name 'wechatUserMapper' and 'com.yangzhongli.sp.dao.instance.WechatUserMapper' mapperInterface. Bean already defined with the same name!
2019-05-09 11:32:28.366 - [ WARN  ] [ org.mybatis.spring.mapper.ClassPathMapperScanner : 166 ] - No MyBatis mapper was found in '[com.yangzhongli.sp]' package. Please check your configuration.
2019-05-09 11:32:28.407 - [ INFO  ] [ o.s.d.r.config.RepositoryConfigurationDelegate : 244 ] - Multiple Spring Data modules found, entering strict repository configuration mode!
2019-05-09 11:32:28.411 - [ INFO  ] [ o.s.d.r.config.RepositoryConfigurationDelegate : 126 ] - Bootstrapping Spring Data repositories in DEFAULT mode.
2019-05-09 11:32:28.452 - [ INFO  ] [ o.s.d.r.config.RepositoryConfigurationDelegate : 182 ] - Finished Spring Data repository scanning in 26ms. Found 0 repository interfaces.
2019-05-09 11:32:29.039 - [ INFO  ] [ o.s.c.s.PostProcessorRegistrationDelegate$BeanPostProcessorChecker : 330 ] - Bean 'shiroConfiguration' of type [com.yangzhongli.sp.config.shiro.ShiroConfiguration$$EnhancerBySpringCGLIB$$dd76b7e6] is not eligible for getting processed by all BeanPostProcessors (for example: not eligible for auto-proxying)
2019-05-09 11:32:29.056 - [ INFO  ] [ o.s.c.s.PostProcessorRegistrationDelegate$BeanPostProcessorChecker : 330 ] - Bean 'org.springframework.transaction.annotation.ProxyTransactionManagementConfiguration' of type [org.springframework.transaction.annotation.ProxyTransactionManagementConfiguration$$EnhancerBySpringCGLIB$$e77e0b7f] is not eligible for getting processed by all BeanPostProcessors (for example: not eligible for auto-proxying)
2019-05-09 11:32:29.136 - [ INFO  ] [ o.s.c.s.PostProcessorRegistrationDelegate$BeanPostProcessorChecker : 330 ] - Bean 'userRealm' of type [com.yangzhongli.sp.config.shiro.UserRealm] is not eligible for getting processed by all BeanPostProcessors (for example: not eligible for auto-proxying)
2019-05-09 11:32:29.496 - [ INFO  ] [ o.s.c.s.PostProcessorRegistrationDelegate$BeanPostProcessorChecker : 330 ] - Bean 'defaultWebSecurityManager' of type [org.apache.shiro.web.mgt.DefaultWebSecurityManager] is not eligible for getting processed by all BeanPostProcessors (for example: not eligible for auto-proxying)
2019-05-09 11:32:31.216 - [ INFO  ] [ s.d.s.w.PropertySourcedRequestMappingHandlerMapping : 69 ] - Mapped URL path [/v2/api-docs] onto method [public org.springframework.http.ResponseEntity<springfox.documentation.spring.web.json.Json> springfox.documentation.swagger2.web.Swagger2Controller.getDocumentation(java.lang.String,javax.servlet.http.HttpServletRequest)]
2019-05-09 11:32:31.737 - [ INFO  ] [ o.s.scheduling.concurrent.ThreadPoolTaskExecutor : 171 ] - Initializing ExecutorService 'applicationTaskExecutor'
2019-05-09 11:32:31.930 - [ INFO  ] [ t.mybatis.mapper.autoconfigure.MapperCacheDisabler : 60 ] - Clear tk.mybatis.mapper.util.MsUtil CLASS_CACHE cache.
2019-05-09 11:32:31.931 - [ INFO  ] [ t.mybatis.mapper.autoconfigure.MapperCacheDisabler : 60 ] - Clear tk.mybatis.mapper.genid.GenIdUtil CACHE cache.
2019-05-09 11:32:31.932 - [ INFO  ] [ t.mybatis.mapper.autoconfigure.MapperCacheDisabler : 60 ] - Clear tk.mybatis.mapper.version.VersionUtil CACHE cache.
2019-05-09 11:32:31.933 - [ INFO  ] [ t.mybatis.mapper.autoconfigure.MapperCacheDisabler : 83 ] - Clear EntityHelper entityTableMap cache.
2019-05-09 11:32:32.260 - [ INFO  ] [ o.s.scheduling.concurrent.ThreadPoolTaskScheduler : 171 ] - Initializing ExecutorService 'taskScheduler'
2019-05-09 11:32:32.346 - [ INFO  ] [ s.d.s.web.plugins.DocumentationPluginsBootstrapper : 160 ] - Context refreshed
2019-05-09 11:32:32.382 - [ INFO  ] [ s.d.s.web.plugins.DocumentationPluginsBootstrapper : 163 ] - Found 1 custom documentation plugin(s)
2019-05-09 11:32:32.416 - [ INFO  ] [ s.d.spring.web.scanners.ApiListingReferenceScanner : 41 ] - Scanning for api listing references
2019-05-09 11:32:32.574 - [ INFO  ] [ s.d.s.w.r.operation.CachingOperationNameGenerator : 40 ] - Generating unique operation named: microAppLoginUsingPOST_1
2019-05-09 11:32:32.604 - [ INFO  ] [ com.yangzhongli.sp.service.AddressServiceTests : 59 ] - Started AddressServiceTests in 6.032 seconds (JVM running for 7.066)
2019-05-09 11:32:32.773 - [ INFO  ] [ o.s.scheduling.concurrent.ThreadPoolTaskScheduler : 208 ] - Shutting down ExecutorService 'taskScheduler'
2019-05-09 11:32:32.775 - [ INFO  ] [ o.s.scheduling.concurrent.ThreadPoolTaskExecutor : 208 ] - Shutting down ExecutorService 'applicationTaskExecutor'
2019-05-09 11:32:38.108 - [ INFO  ] [ o.s.b.t.context.SpringBootTestContextBootstrapper : 308 ] - Neither @ContextConfiguration nor @ContextHierarchy found for test class [com.yangzhongli.sp.service.AddressServiceTests], using SpringBootContextLoader
2019-05-09 11:32:38.119 - [ INFO  ] [ o.s.test.context.support.AbstractContextLoader : 264 ] - Could not detect default resource locations for test class [com.yangzhongli.sp.service.AddressServiceTests]: no resource found for suffixes {-context.xml, Context.groovy}.
2019-05-09 11:32:38.120 - [ INFO  ] [ o.s.t.c.support.AnnotationConfigContextLoaderUtils : 83 ] - Could not detect default configuration classes for test class [com.yangzhongli.sp.service.AddressServiceTests]: AddressServiceTests does not declare any static, non-private, non-final, nested classes annotated with @Configuration.
2019-05-09 11:32:38.288 - [ INFO  ] [ o.s.b.t.context.SpringBootTestContextBootstrapper : 247 ] - Found @SpringBootConfiguration com.yangzhongli.sp.WebApplication for test class com.yangzhongli.sp.service.AddressServiceTests
2019-05-09 11:32:38.414 - [ INFO  ] [ o.s.b.t.context.SpringBootTestContextBootstrapper : 248 ] - Loaded default TestExecutionListener class names from location [META-INF/spring.factories]: [org.springframework.boot.test.mock.mockito.MockitoTestExecutionListener, org.springframework.boot.test.mock.mockito.ResetMocksTestExecutionListener, org.springframework.boot.test.autoconfigure.restdocs.RestDocsTestExecutionListener, org.springframework.boot.test.autoconfigure.web.client.MockRestServiceServerResetTestExecutionListener, org.springframework.boot.test.autoconfigure.web.servlet.MockMvcPrintOnlyOnFailureTestExecutionListener, org.springframework.boot.test.autoconfigure.web.servlet.WebDriverTestExecutionListener, org.springframework.test.context.web.ServletTestExecutionListener, org.springframework.test.context.support.DirtiesContextBeforeModesTestExecutionListener, org.springframework.test.context.support.DependencyInjectionTestExecutionListener, org.springframework.test.context.support.DirtiesContextTestExecutionListener, org.springframework.test.context.transaction.TransactionalTestExecutionListener, org.springframework.test.context.jdbc.SqlScriptsTestExecutionListener]
2019-05-09 11:32:38.431 - [ INFO  ] [ o.s.b.t.context.SpringBootTestContextBootstrapper : 177 ] - Using TestExecutionListeners: [org.springframework.test.context.web.ServletTestExecutionListener@71238fc2, org.springframework.test.context.support.DirtiesContextBeforeModesTestExecutionListener@2a54a73f, org.springframework.boot.test.mock.mockito.MockitoTestExecutionListener@16a0ee18, org.springframework.boot.test.autoconfigure.SpringBootDependencyInjectionTestExecutionListener@3d6f0054, org.springframework.test.context.support.DirtiesContextTestExecutionListener@505fc5a4, org.springframework.test.context.transaction.TransactionalTestExecutionListener@5fbdfdcf, org.springframework.test.context.jdbc.SqlScriptsTestExecutionListener@4efc180e, org.springframework.boot.test.mock.mockito.ResetMocksTestExecutionListener@bd4dc25, org.springframework.boot.test.autoconfigure.restdocs.RestDocsTestExecutionListener@25084a1e, org.springframework.boot.test.autoconfigure.web.client.MockRestServiceServerResetTestExecutionListener@156b88f5, org.springframework.boot.test.autoconfigure.web.servlet.MockMvcPrintOnlyOnFailureTestExecutionListener@3bf9ce3e, org.springframework.boot.test.autoconfigure.web.servlet.WebDriverTestExecutionListener@16610890]
2019-05-09 11:32:38.784 - [ ERROR ] [ o.s.b.context.logging.LoggingApplicationListener : 370 ] - Cannot set level 'infoMINIPROGRAM_APPID' for 'org.springframework.web'
2019-05-09 11:32:38.855 - [ WARN  ] [ o.s.b.t.j.DuplicateJsonObjectContextCustomizerFactory$DuplicateJsonObjectContextCustomizer : 86 ] - 

Found multiple occurrences of org.json.JSONObject on the class path:

	jar:file:/Users/ydm12/.m2/repository/org/json/json/20170516/json-20170516.jar!/org/json/JSONObject.class
	jar:file:/Users/ydm12/.m2/repository/com/vaadin/external/google/android-json/0.0.20131108.vaadin1/android-json-0.0.20131108.vaadin1.jar!/org/json/JSONObject.class

You may wish to exclude one of them to ensure predictable runtime behavior

2019-05-09 11:32:38.889 - [ INFO  ] [ com.yangzhongli.sp.service.AddressServiceTests : 50 ] - Starting AddressServiceTests on YDM-9.local with PID 1757 (started by ydm12 in /Users/ydm12/ideaProjects/newBeauty/sp-web)
2019-05-09 11:32:38.889 - [ DEBUG ] [ com.yangzhongli.sp.service.AddressServiceTests : 53 ] - Running with Spring Boot v2.1.1.RELEASE, Spring v5.1.3.RELEASE
2019-05-09 11:32:38.890 - [ INFO  ] [ com.yangzhongli.sp.service.AddressServiceTests : 675 ] - No active profile set, falling back to default profiles: default
2019-05-09 11:32:40.547 - [ WARN  ] [ org.mybatis.spring.mapper.ClassPathMapperScanner : 239 ] - Skipping MapperFactoryBean with name 'contestantMapper' and 'com.yangzhongli.sp.dao.instance.ContestantMapper' mapperInterface. Bean already defined with the same name!
2019-05-09 11:32:40.547 - [ WARN  ] [ org.mybatis.spring.mapper.ClassPathMapperScanner : 239 ] - Skipping MapperFactoryBean with name 'likesRecordMapper' and 'com.yangzhongli.sp.dao.instance.LikesRecordMapper' mapperInterface. Bean already defined with the same name!
2019-05-09 11:32:40.547 - [ WARN  ] [ org.mybatis.spring.mapper.ClassPathMapperScanner : 239 ] - Skipping MapperFactoryBean with name 'ruleMapper' and 'com.yangzhongli.sp.dao.instance.RuleMapper' mapperInterface. Bean already defined with the same name!
2019-05-09 11:32:40.547 - [ WARN  ] [ org.mybatis.spring.mapper.ClassPathMapperScanner : 239 ] - Skipping MapperFactoryBean with name 'wechatUserMapper' and 'com.yangzhongli.sp.dao.instance.WechatUserMapper' mapperInterface. Bean already defined with the same name!
2019-05-09 11:32:40.547 - [ WARN  ] [ org.mybatis.spring.mapper.ClassPathMapperScanner : 166 ] - No MyBatis mapper was found in '[com.yangzhongli.sp]' package. Please check your configuration.
2019-05-09 11:32:40.591 - [ INFO  ] [ o.s.d.r.config.RepositoryConfigurationDelegate : 244 ] - Multiple Spring Data modules found, entering strict repository configuration mode!
2019-05-09 11:32:40.596 - [ INFO  ] [ o.s.d.r.config.RepositoryConfigurationDelegate : 126 ] - Bootstrapping Spring Data repositories in DEFAULT mode.
2019-05-09 11:32:40.647 - [ INFO  ] [ o.s.d.r.config.RepositoryConfigurationDelegate : 182 ] - Finished Spring Data repository scanning in 32ms. Found 0 repository interfaces.
2019-05-09 11:32:41.205 - [ INFO  ] [ o.s.c.s.PostProcessorRegistrationDelegate$BeanPostProcessorChecker : 330 ] - Bean 'shiroConfiguration' of type [com.yangzhongli.sp.config.shiro.ShiroConfiguration$$EnhancerBySpringCGLIB$$b124076c] is not eligible for getting processed by all BeanPostProcessors (for example: not eligible for auto-proxying)
2019-05-09 11:32:41.214 - [ INFO  ] [ o.s.c.s.PostProcessorRegistrationDelegate$BeanPostProcessorChecker : 330 ] - Bean 'org.springframework.transaction.annotation.ProxyTransactionManagementConfiguration' of type [org.springframework.transaction.annotation.ProxyTransactionManagementConfiguration$$EnhancerBySpringCGLIB$$bb2b5b05] is not eligible for getting processed by all BeanPostProcessors (for example: not eligible for auto-proxying)
2019-05-09 11:32:41.260 - [ INFO  ] [ o.s.c.s.PostProcessorRegistrationDelegate$BeanPostProcessorChecker : 330 ] - Bean 'userRealm' of type [com.yangzhongli.sp.config.shiro.UserRealm] is not eligible for getting processed by all BeanPostProcessors (for example: not eligible for auto-proxying)
2019-05-09 11:32:41.500 - [ INFO  ] [ o.s.c.s.PostProcessorRegistrationDelegate$BeanPostProcessorChecker : 330 ] - Bean 'defaultWebSecurityManager' of type [org.apache.shiro.web.mgt.DefaultWebSecurityManager] is not eligible for getting processed by all BeanPostProcessors (for example: not eligible for auto-proxying)
2019-05-09 11:32:43.340 - [ INFO  ] [ s.d.s.w.PropertySourcedRequestMappingHandlerMapping : 69 ] - Mapped URL path [/v2/api-docs] onto method [public org.springframework.http.ResponseEntity<springfox.documentation.spring.web.json.Json> springfox.documentation.swagger2.web.Swagger2Controller.getDocumentation(java.lang.String,javax.servlet.http.HttpServletRequest)]
2019-05-09 11:32:43.829 - [ INFO  ] [ o.s.scheduling.concurrent.ThreadPoolTaskExecutor : 171 ] - Initializing ExecutorService 'applicationTaskExecutor'
2019-05-09 11:32:44.013 - [ INFO  ] [ t.mybatis.mapper.autoconfigure.MapperCacheDisabler : 60 ] - Clear tk.mybatis.mapper.util.MsUtil CLASS_CACHE cache.
2019-05-09 11:32:44.014 - [ INFO  ] [ t.mybatis.mapper.autoconfigure.MapperCacheDisabler : 60 ] - Clear tk.mybatis.mapper.genid.GenIdUtil CACHE cache.
2019-05-09 11:32:44.015 - [ INFO  ] [ t.mybatis.mapper.autoconfigure.MapperCacheDisabler : 60 ] - Clear tk.mybatis.mapper.version.VersionUtil CACHE cache.
2019-05-09 11:32:44.015 - [ INFO  ] [ t.mybatis.mapper.autoconfigure.MapperCacheDisabler : 83 ] - Clear EntityHelper entityTableMap cache.
2019-05-09 11:32:44.433 - [ INFO  ] [ o.s.scheduling.concurrent.ThreadPoolTaskScheduler : 171 ] - Initializing ExecutorService 'taskScheduler'
2019-05-09 11:32:44.518 - [ INFO  ] [ s.d.s.web.plugins.DocumentationPluginsBootstrapper : 160 ] - Context refreshed
2019-05-09 11:32:44.545 - [ INFO  ] [ s.d.s.web.plugins.DocumentationPluginsBootstrapper : 163 ] - Found 1 custom documentation plugin(s)
2019-05-09 11:32:44.583 - [ INFO  ] [ s.d.spring.web.scanners.ApiListingReferenceScanner : 41 ] - Scanning for api listing references
2019-05-09 11:32:44.771 - [ INFO  ] [ s.d.s.w.r.operation.CachingOperationNameGenerator : 40 ] - Generating unique operation named: microAppLoginUsingPOST_1
2019-05-09 11:32:44.808 - [ INFO  ] [ com.yangzhongli.sp.service.AddressServiceTests : 59 ] - Started AddressServiceTests in 6.332 seconds (JVM running for 7.458)
2019-05-09 11:32:45.000 - [ INFO  ] [ o.s.scheduling.concurrent.ThreadPoolTaskScheduler : 208 ] - Shutting down ExecutorService 'taskScheduler'
2019-05-09 11:32:45.001 - [ INFO  ] [ o.s.scheduling.concurrent.ThreadPoolTaskExecutor : 208 ] - Shutting down ExecutorService 'applicationTaskExecutor'
2019-05-09 11:32:50.945 - [ INFO  ] [ o.s.b.t.context.SpringBootTestContextBootstrapper : 308 ] - Neither @ContextConfiguration nor @ContextHierarchy found for test class [com.yangzhongli.sp.service.AddressServiceTests], using SpringBootContextLoader
2019-05-09 11:32:50.950 - [ INFO  ] [ o.s.test.context.support.AbstractContextLoader : 264 ] - Could not detect default resource locations for test class [com.yangzhongli.sp.service.AddressServiceTests]: no resource found for suffixes {-context.xml, Context.groovy}.
2019-05-09 11:32:50.951 - [ INFO  ] [ o.s.t.c.support.AnnotationConfigContextLoaderUtils : 83 ] - Could not detect default configuration classes for test class [com.yangzhongli.sp.service.AddressServiceTests]: AddressServiceTests does not declare any static, non-private, non-final, nested classes annotated with @Configuration.
2019-05-09 11:32:51.124 - [ INFO  ] [ o.s.b.t.context.SpringBootTestContextBootstrapper : 247 ] - Found @SpringBootConfiguration com.yangzhongli.sp.WebApplication for test class com.yangzhongli.sp.service.AddressServiceTests
2019-05-09 11:32:51.238 - [ INFO  ] [ o.s.b.t.context.SpringBootTestContextBootstrapper : 248 ] - Loaded default TestExecutionListener class names from location [META-INF/spring.factories]: [org.springframework.boot.test.mock.mockito.MockitoTestExecutionListener, org.springframework.boot.test.mock.mockito.ResetMocksTestExecutionListener, org.springframework.boot.test.autoconfigure.restdocs.RestDocsTestExecutionListener, org.springframework.boot.test.autoconfigure.web.client.MockRestServiceServerResetTestExecutionListener, org.springframework.boot.test.autoconfigure.web.servlet.MockMvcPrintOnlyOnFailureTestExecutionListener, org.springframework.boot.test.autoconfigure.web.servlet.WebDriverTestExecutionListener, org.springframework.test.context.web.ServletTestExecutionListener, org.springframework.test.context.support.DirtiesContextBeforeModesTestExecutionListener, org.springframework.test.context.support.DependencyInjectionTestExecutionListener, org.springframework.test.context.support.DirtiesContextTestExecutionListener, org.springframework.test.context.transaction.TransactionalTestExecutionListener, org.springframework.test.context.jdbc.SqlScriptsTestExecutionListener]
2019-05-09 11:32:51.254 - [ INFO  ] [ o.s.b.t.context.SpringBootTestContextBootstrapper : 177 ] - Using TestExecutionListeners: [org.springframework.test.context.web.ServletTestExecutionListener@71238fc2, org.springframework.test.context.support.DirtiesContextBeforeModesTestExecutionListener@2a54a73f, org.springframework.boot.test.mock.mockito.MockitoTestExecutionListener@16a0ee18, org.springframework.boot.test.autoconfigure.SpringBootDependencyInjectionTestExecutionListener@3d6f0054, org.springframework.test.context.support.DirtiesContextTestExecutionListener@505fc5a4, org.springframework.test.context.transaction.TransactionalTestExecutionListener@5fbdfdcf, org.springframework.test.context.jdbc.SqlScriptsTestExecutionListener@4efc180e, org.springframework.boot.test.mock.mockito.ResetMocksTestExecutionListener@bd4dc25, org.springframework.boot.test.autoconfigure.restdocs.RestDocsTestExecutionListener@25084a1e, org.springframework.boot.test.autoconfigure.web.client.MockRestServiceServerResetTestExecutionListener@156b88f5, org.springframework.boot.test.autoconfigure.web.servlet.MockMvcPrintOnlyOnFailureTestExecutionListener@3bf9ce3e, org.springframework.boot.test.autoconfigure.web.servlet.WebDriverTestExecutionListener@16610890]
2019-05-09 11:32:51.637 - [ ERROR ] [ o.s.b.context.logging.LoggingApplicationListener : 370 ] - Cannot set level 'infoMINIPROGRAM_APPID' for 'org.springframework.web'
2019-05-09 11:32:51.742 - [ WARN  ] [ o.s.b.t.j.DuplicateJsonObjectContextCustomizerFactory$DuplicateJsonObjectContextCustomizer : 86 ] - 

Found multiple occurrences of org.json.JSONObject on the class path:

	jar:file:/Users/ydm12/.m2/repository/org/json/json/20170516/json-20170516.jar!/org/json/JSONObject.class
	jar:file:/Users/ydm12/.m2/repository/com/vaadin/external/google/android-json/0.0.20131108.vaadin1/android-json-0.0.20131108.vaadin1.jar!/org/json/JSONObject.class

You may wish to exclude one of them to ensure predictable runtime behavior

2019-05-09 11:32:51.813 - [ INFO  ] [ com.yangzhongli.sp.service.AddressServiceTests : 50 ] - Starting AddressServiceTests on YDM-9.local with PID 1764 (started by ydm12 in /Users/ydm12/ideaProjects/newBeauty/sp-web)
2019-05-09 11:32:51.814 - [ DEBUG ] [ com.yangzhongli.sp.service.AddressServiceTests : 53 ] - Running with Spring Boot v2.1.1.RELEASE, Spring v5.1.3.RELEASE
2019-05-09 11:32:51.815 - [ INFO  ] [ com.yangzhongli.sp.service.AddressServiceTests : 675 ] - No active profile set, falling back to default profiles: default
2019-05-09 11:32:53.181 - [ WARN  ] [ org.mybatis.spring.mapper.ClassPathMapperScanner : 239 ] - Skipping MapperFactoryBean with name 'contestantMapper' and 'com.yangzhongli.sp.dao.instance.ContestantMapper' mapperInterface. Bean already defined with the same name!
2019-05-09 11:32:53.182 - [ WARN  ] [ org.mybatis.spring.mapper.ClassPathMapperScanner : 239 ] - Skipping MapperFactoryBean with name 'likesRecordMapper' and 'com.yangzhongli.sp.dao.instance.LikesRecordMapper' mapperInterface. Bean already defined with the same name!
2019-05-09 11:32:53.182 - [ WARN  ] [ org.mybatis.spring.mapper.ClassPathMapperScanner : 239 ] - Skipping MapperFactoryBean with name 'ruleMapper' and 'com.yangzhongli.sp.dao.instance.RuleMapper' mapperInterface. Bean already defined with the same name!
2019-05-09 11:32:53.182 - [ WARN  ] [ org.mybatis.spring.mapper.ClassPathMapperScanner : 239 ] - Skipping MapperFactoryBean with name 'wechatUserMapper' and 'com.yangzhongli.sp.dao.instance.WechatUserMapper' mapperInterface. Bean already defined with the same name!
2019-05-09 11:32:53.182 - [ WARN  ] [ org.mybatis.spring.mapper.ClassPathMapperScanner : 166 ] - No MyBatis mapper was found in '[com.yangzhongli.sp]' package. Please check your configuration.
2019-05-09 11:32:53.217 - [ INFO  ] [ o.s.d.r.config.RepositoryConfigurationDelegate : 244 ] - Multiple Spring Data modules found, entering strict repository configuration mode!
2019-05-09 11:32:53.220 - [ INFO  ] [ o.s.d.r.config.RepositoryConfigurationDelegate : 126 ] - Bootstrapping Spring Data repositories in DEFAULT mode.
2019-05-09 11:32:53.254 - [ INFO  ] [ o.s.d.r.config.RepositoryConfigurationDelegate : 182 ] - Finished Spring Data repository scanning in 20ms. Found 0 repository interfaces.
2019-05-09 11:32:53.703 - [ INFO  ] [ o.s.c.s.PostProcessorRegistrationDelegate$BeanPostProcessorChecker : 330 ] - Bean 'shiroConfiguration' of type [com.yangzhongli.sp.config.shiro.ShiroConfiguration$$EnhancerBySpringCGLIB$$4460ca5f] is not eligible for getting processed by all BeanPostProcessors (for example: not eligible for auto-proxying)
2019-05-09 11:32:53.712 - [ INFO  ] [ o.s.c.s.PostProcessorRegistrationDelegate$BeanPostProcessorChecker : 330 ] - Bean 'org.springframework.transaction.annotation.ProxyTransactionManagementConfiguration' of type [org.springframework.transaction.annotation.ProxyTransactionManagementConfiguration$$EnhancerBySpringCGLIB$$4e681df8] is not eligible for getting processed by all BeanPostProcessors (for example: not eligible for auto-proxying)
2019-05-09 11:32:53.758 - [ INFO  ] [ o.s.c.s.PostProcessorRegistrationDelegate$BeanPostProcessorChecker : 330 ] - Bean 'userRealm' of type [com.yangzhongli.sp.config.shiro.UserRealm] is not eligible for getting processed by all BeanPostProcessors (for example: not eligible for auto-proxying)
2019-05-09 11:32:54.017 - [ INFO  ] [ o.s.c.s.PostProcessorRegistrationDelegate$BeanPostProcessorChecker : 330 ] - Bean 'defaultWebSecurityManager' of type [org.apache.shiro.web.mgt.DefaultWebSecurityManager] is not eligible for getting processed by all BeanPostProcessors (for example: not eligible for auto-proxying)
2019-05-09 11:32:55.726 - [ INFO  ] [ s.d.s.w.PropertySourcedRequestMappingHandlerMapping : 69 ] - Mapped URL path [/v2/api-docs] onto method [public org.springframework.http.ResponseEntity<springfox.documentation.spring.web.json.Json> springfox.documentation.swagger2.web.Swagger2Controller.getDocumentation(java.lang.String,javax.servlet.http.HttpServletRequest)]
2019-05-09 11:32:56.219 - [ INFO  ] [ o.s.scheduling.concurrent.ThreadPoolTaskExecutor : 171 ] - Initializing ExecutorService 'applicationTaskExecutor'
2019-05-09 11:32:56.400 - [ INFO  ] [ t.mybatis.mapper.autoconfigure.MapperCacheDisabler : 60 ] - Clear tk.mybatis.mapper.util.MsUtil CLASS_CACHE cache.
2019-05-09 11:32:56.401 - [ INFO  ] [ t.mybatis.mapper.autoconfigure.MapperCacheDisabler : 60 ] - Clear tk.mybatis.mapper.genid.GenIdUtil CACHE cache.
2019-05-09 11:32:56.401 - [ INFO  ] [ t.mybatis.mapper.autoconfigure.MapperCacheDisabler : 60 ] - Clear tk.mybatis.mapper.version.VersionUtil CACHE cache.
2019-05-09 11:32:56.402 - [ INFO  ] [ t.mybatis.mapper.autoconfigure.MapperCacheDisabler : 83 ] - Clear EntityHelper entityTableMap cache.
2019-05-09 11:32:56.729 - [ INFO  ] [ o.s.scheduling.concurrent.ThreadPoolTaskScheduler : 171 ] - Initializing ExecutorService 'taskScheduler'
2019-05-09 11:32:56.812 - [ INFO  ] [ s.d.s.web.plugins.DocumentationPluginsBootstrapper : 160 ] - Context refreshed
2019-05-09 11:32:56.841 - [ INFO  ] [ s.d.s.web.plugins.DocumentationPluginsBootstrapper : 163 ] - Found 1 custom documentation plugin(s)
2019-05-09 11:32:56.877 - [ INFO  ] [ s.d.spring.web.scanners.ApiListingReferenceScanner : 41 ] - Scanning for api listing references
2019-05-09 11:32:57.052 - [ INFO  ] [ s.d.s.w.r.operation.CachingOperationNameGenerator : 40 ] - Generating unique operation named: microAppLoginUsingPOST_1
2019-05-09 11:32:57.084 - [ INFO  ] [ com.yangzhongli.sp.service.AddressServiceTests : 59 ] - Started AddressServiceTests in 5.786 seconds (JVM running for 6.829)
2019-05-09 11:32:57.267 - [ INFO  ] [ o.s.scheduling.concurrent.ThreadPoolTaskScheduler : 208 ] - Shutting down ExecutorService 'taskScheduler'
2019-05-09 11:32:57.269 - [ INFO  ] [ o.s.scheduling.concurrent.ThreadPoolTaskExecutor : 208 ] - Shutting down ExecutorService 'applicationTaskExecutor'
2019-05-09 14:55:26.592 - [ INFO  ] [ o.s.b.t.context.SpringBootTestContextBootstrapper : 308 ] - Neither @ContextConfiguration nor @ContextHierarchy found for test class [com.yangzhongli.sp.service.AddressServiceTests], using SpringBootContextLoader
2019-05-09 14:55:26.649 - [ INFO  ] [ o.s.test.context.support.AbstractContextLoader : 264 ] - Could not detect default resource locations for test class [com.yangzhongli.sp.service.AddressServiceTests]: no resource found for suffixes {-context.xml, Context.groovy}.
2019-05-09 14:55:26.653 - [ INFO  ] [ o.s.t.c.support.AnnotationConfigContextLoaderUtils : 83 ] - Could not detect default configuration classes for test class [com.yangzhongli.sp.service.AddressServiceTests]: AddressServiceTests does not declare any static, non-private, non-final, nested classes annotated with @Configuration.
2019-05-09 14:55:27.850 - [ INFO  ] [ o.s.b.t.context.SpringBootTestContextBootstrapper : 247 ] - Found @SpringBootConfiguration com.yangzhongli.sp.WebApplication for test class com.yangzhongli.sp.service.AddressServiceTests
2019-05-09 14:55:28.864 - [ INFO  ] [ o.s.b.t.context.SpringBootTestContextBootstrapper : 248 ] - Loaded default TestExecutionListener class names from location [META-INF/spring.factories]: [org.springframework.boot.test.mock.mockito.MockitoTestExecutionListener, org.springframework.boot.test.mock.mockito.ResetMocksTestExecutionListener, org.springframework.boot.test.autoconfigure.restdocs.RestDocsTestExecutionListener, org.springframework.boot.test.autoconfigure.web.client.MockRestServiceServerResetTestExecutionListener, org.springframework.boot.test.autoconfigure.web.servlet.MockMvcPrintOnlyOnFailureTestExecutionListener, org.springframework.boot.test.autoconfigure.web.servlet.WebDriverTestExecutionListener, org.springframework.test.context.web.ServletTestExecutionListener, org.springframework.test.context.support.DirtiesContextBeforeModesTestExecutionListener, org.springframework.test.context.support.DependencyInjectionTestExecutionListener, org.springframework.test.context.support.DirtiesContextTestExecutionListener, org.springframework.test.context.transaction.TransactionalTestExecutionListener, org.springframework.test.context.jdbc.SqlScriptsTestExecutionListener]
2019-05-09 14:55:29.367 - [ INFO  ] [ o.s.b.t.context.SpringBootTestContextBootstrapper : 177 ] - Using TestExecutionListeners: [org.springframework.test.context.web.ServletTestExecutionListener@fa49800, org.springframework.test.context.support.DirtiesContextBeforeModesTestExecutionListener@71238fc2, org.springframework.boot.test.mock.mockito.MockitoTestExecutionListener@2a54a73f, org.springframework.boot.test.autoconfigure.SpringBootDependencyInjectionTestExecutionListener@16a0ee18, org.springframework.test.context.support.DirtiesContextTestExecutionListener@3d6f0054, org.springframework.test.context.transaction.TransactionalTestExecutionListener@505fc5a4, org.springframework.test.context.jdbc.SqlScriptsTestExecutionListener@5fbdfdcf, org.springframework.boot.test.mock.mockito.ResetMocksTestExecutionListener@4efc180e, org.springframework.boot.test.autoconfigure.restdocs.RestDocsTestExecutionListener@bd4dc25, org.springframework.boot.test.autoconfigure.web.client.MockRestServiceServerResetTestExecutionListener@25084a1e, org.springframework.boot.test.autoconfigure.web.servlet.MockMvcPrintOnlyOnFailureTestExecutionListener@156b88f5, org.springframework.boot.test.autoconfigure.web.servlet.WebDriverTestExecutionListener@3bf9ce3e]
2019-05-09 14:55:31.117 - [ ERROR ] [ o.s.b.context.logging.LoggingApplicationListener : 370 ] - Cannot set level 'infoMINIPROGRAM_APPID' for 'org.springframework.web'
2019-05-09 14:55:31.572 - [ WARN  ] [ o.s.b.t.j.DuplicateJsonObjectContextCustomizerFactory$DuplicateJsonObjectContextCustomizer : 86 ] - 

Found multiple occurrences of org.json.JSONObject on the class path:

	jar:file:/Users/ydm12/.m2/repository/org/json/json/20170516/json-20170516.jar!/org/json/JSONObject.class
	jar:file:/Users/ydm12/.m2/repository/com/vaadin/external/google/android-json/0.0.20131108.vaadin1/android-json-0.0.20131108.vaadin1.jar!/org/json/JSONObject.class

You may wish to exclude one of them to ensure predictable runtime behavior

2019-05-09 14:55:31.678 - [ INFO  ] [ com.yangzhongli.sp.service.AddressServiceTests : 50 ] - Starting AddressServiceTests on YDM-9.local with PID 4976 (started by ydm12 in /Users/ydm12/ideaProjects/newBeauty/sp-web)
2019-05-09 14:55:31.678 - [ DEBUG ] [ com.yangzhongli.sp.service.AddressServiceTests : 53 ] - Running with Spring Boot v2.1.1.RELEASE, Spring v5.1.3.RELEASE
2019-05-09 14:55:31.679 - [ INFO  ] [ com.yangzhongli.sp.service.AddressServiceTests : 675 ] - No active profile set, falling back to default profiles: default
2019-05-09 14:55:35.586 - [ WARN  ] [ org.mybatis.spring.mapper.ClassPathMapperScanner : 239 ] - Skipping MapperFactoryBean with name 'contestantMapper' and 'com.yangzhongli.sp.dao.instance.ContestantMapper' mapperInterface. Bean already defined with the same name!
2019-05-09 14:55:35.586 - [ WARN  ] [ org.mybatis.spring.mapper.ClassPathMapperScanner : 239 ] - Skipping MapperFactoryBean with name 'likesRecordMapper' and 'com.yangzhongli.sp.dao.instance.LikesRecordMapper' mapperInterface. Bean already defined with the same name!
2019-05-09 14:55:35.586 - [ WARN  ] [ org.mybatis.spring.mapper.ClassPathMapperScanner : 239 ] - Skipping MapperFactoryBean with name 'ruleMapper' and 'com.yangzhongli.sp.dao.instance.RuleMapper' mapperInterface. Bean already defined with the same name!
2019-05-09 14:55:35.587 - [ WARN  ] [ org.mybatis.spring.mapper.ClassPathMapperScanner : 239 ] - Skipping MapperFactoryBean with name 'wechatUserMapper' and 'com.yangzhongli.sp.dao.instance.WechatUserMapper' mapperInterface. Bean already defined with the same name!
2019-05-09 14:55:35.587 - [ WARN  ] [ org.mybatis.spring.mapper.ClassPathMapperScanner : 166 ] - No MyBatis mapper was found in '[com.yangzhongli.sp]' package. Please check your configuration.
2019-05-09 14:55:35.754 - [ INFO  ] [ o.s.d.r.config.RepositoryConfigurationDelegate : 244 ] - Multiple Spring Data modules found, entering strict repository configuration mode!
2019-05-09 14:55:35.757 - [ INFO  ] [ o.s.d.r.config.RepositoryConfigurationDelegate : 126 ] - Bootstrapping Spring Data repositories in DEFAULT mode.
2019-05-09 14:55:35.844 - [ INFO  ] [ o.s.d.r.config.RepositoryConfigurationDelegate : 182 ] - Finished Spring Data repository scanning in 38ms. Found 0 repository interfaces.
2019-05-09 14:55:36.959 - [ INFO  ] [ o.s.c.s.PostProcessorRegistrationDelegate$BeanPostProcessorChecker : 330 ] - Bean 'shiroConfiguration' of type [com.yangzhongli.sp.config.shiro.ShiroConfiguration$$EnhancerBySpringCGLIB$$42f3699c] is not eligible for getting processed by all BeanPostProcessors (for example: not eligible for auto-proxying)
2019-05-09 14:55:36.983 - [ INFO  ] [ o.s.c.s.PostProcessorRegistrationDelegate$BeanPostProcessorChecker : 330 ] - Bean 'org.springframework.transaction.annotation.ProxyTransactionManagementConfiguration' of type [org.springframework.transaction.annotation.ProxyTransactionManagementConfiguration$$EnhancerBySpringCGLIB$$4cfabd35] is not eligible for getting processed by all BeanPostProcessors (for example: not eligible for auto-proxying)
2019-05-09 14:55:37.091 - [ INFO  ] [ o.s.c.s.PostProcessorRegistrationDelegate$BeanPostProcessorChecker : 330 ] - Bean 'userRealm' of type [com.yangzhongli.sp.config.shiro.UserRealm] is not eligible for getting processed by all BeanPostProcessors (for example: not eligible for auto-proxying)
2019-05-09 14:55:37.461 - [ INFO  ] [ o.s.c.s.PostProcessorRegistrationDelegate$BeanPostProcessorChecker : 330 ] - Bean 'defaultWebSecurityManager' of type [org.apache.shiro.web.mgt.DefaultWebSecurityManager] is not eligible for getting processed by all BeanPostProcessors (for example: not eligible for auto-proxying)
2019-05-09 14:55:40.864 - [ INFO  ] [ s.d.s.w.PropertySourcedRequestMappingHandlerMapping : 69 ] - Mapped URL path [/v2/api-docs] onto method [public org.springframework.http.ResponseEntity<springfox.documentation.spring.web.json.Json> springfox.documentation.swagger2.web.Swagger2Controller.getDocumentation(java.lang.String,javax.servlet.http.HttpServletRequest)]
2019-05-09 14:55:41.719 - [ INFO  ] [ o.s.scheduling.concurrent.ThreadPoolTaskExecutor : 171 ] - Initializing ExecutorService 'applicationTaskExecutor'
2019-05-09 14:55:42.112 - [ INFO  ] [ t.mybatis.mapper.autoconfigure.MapperCacheDisabler : 60 ] - Clear tk.mybatis.mapper.util.MsUtil CLASS_CACHE cache.
2019-05-09 14:55:42.113 - [ INFO  ] [ t.mybatis.mapper.autoconfigure.MapperCacheDisabler : 60 ] - Clear tk.mybatis.mapper.genid.GenIdUtil CACHE cache.
2019-05-09 14:55:42.113 - [ INFO  ] [ t.mybatis.mapper.autoconfigure.MapperCacheDisabler : 60 ] - Clear tk.mybatis.mapper.version.VersionUtil CACHE cache.
2019-05-09 14:55:42.114 - [ INFO  ] [ t.mybatis.mapper.autoconfigure.MapperCacheDisabler : 83 ] - Clear EntityHelper entityTableMap cache.
2019-05-09 14:55:42.655 - [ INFO  ] [ o.s.scheduling.concurrent.ThreadPoolTaskScheduler : 171 ] - Initializing ExecutorService 'taskScheduler'
2019-05-09 14:55:42.757 - [ INFO  ] [ s.d.s.web.plugins.DocumentationPluginsBootstrapper : 160 ] - Context refreshed
2019-05-09 14:55:42.897 - [ INFO  ] [ s.d.s.web.plugins.DocumentationPluginsBootstrapper : 163 ] - Found 1 custom documentation plugin(s)
2019-05-09 14:55:43.032 - [ INFO  ] [ s.d.spring.web.scanners.ApiListingReferenceScanner : 41 ] - Scanning for api listing references
2019-05-09 14:55:43.476 - [ INFO  ] [ s.d.s.w.r.operation.CachingOperationNameGenerator : 40 ] - Generating unique operation named: microAppLoginUsingPOST_1
2019-05-09 14:55:43.530 - [ INFO  ] [ com.yangzhongli.sp.service.AddressServiceTests : 59 ] - Started AddressServiceTests in 13.728 seconds (JVM running for 20.544)
2019-05-09 14:55:44.002 - [ INFO  ] [ o.s.scheduling.concurrent.ThreadPoolTaskScheduler : 208 ] - Shutting down ExecutorService 'taskScheduler'
2019-05-09 14:55:44.003 - [ INFO  ] [ o.s.scheduling.concurrent.ThreadPoolTaskExecutor : 208 ] - Shutting down ExecutorService 'applicationTaskExecutor'
